#
# There is insufficient memory for the Java Runtime Environment to continue.
# Native memory allocation (malloc) failed to allocate 1048576 bytes for AllocateHeap
# Possible reasons:
#   The system is out of physical RAM or swap space
#   In 32 bit mode, the process size limit was hit
# Possible solutions:
#   Reduce memory load on the system
#   Increase physical memory or swap space
#   Check if swap backing store is full
#   Use 64 bit Java on a 64 bit OS
#   Decrease Java heap size (-Xmx/-Xms)
#   Decrease number of Java threads
#   Decrease Java thread stack sizes (-Xss)
#   Set larger code cache with -XX:ReservedCodeCacheSize=
# This output file may be truncated or incomplete.
#
#  Out of Memory Error (memory/allocation.inline.hpp:61), pid=3312, tid=6012
#
# JRE version:  (8.0_45-b15) (build )
# Java VM: Java HotSpot(TM) 64-Bit Server VM (25.45-b02 mixed mode windows-amd64 compressed oops)
# Failed to write core dump. Minidumps are not enabled by default on client versions of Windows
#

---------------  T H R E A D  ---------------

Current thread (0x0000000002c60800):  JavaThread "Unknown thread" [_thread_in_vm, id=6012, stack(0x0000000002b60000,0x0000000002c60000)]

Stack: [0x0000000002b60000,0x0000000002c60000]
Native frames: (J=compiled Java code, j=interpreted, Vv=VM code, C=native code)
V  [jvm.dll+0x32b57a]
V  [jvm.dll+0x279873]
V  [jvm.dll+0x27a509]
V  [jvm.dll+0x271825]
V  [jvm.dll+0x1606]
V  [jvm.dll+0x3f7fb2]
V  [jvm.dll+0x3f898f]
V  [jvm.dll+0x3f8a5d]
V  [jvm.dll+0x3f8c26]
V  [jvm.dll+0xf2cf2]
V  [jvm.dll+0x20f0c9]
V  [jvm.dll+0x240e0a]
V  [jvm.dll+0x15ba41]
C  [java.exe+0x216e]
C  [java.exe+0xcce7]
C  [java.exe+0xcd7b]
C  [KERNEL32.DLL+0x8364]
C  [ntdll.dll+0x670d1]


---------------  P R O C E S S  ---------------

Java Threads: ( => current thread )

Other Threads:

=>0x0000000002c60800 (exited) JavaThread "Unknown thread" [_thread_in_vm, id=6012, stack(0x0000000002b60000,0x0000000002c60000)]

VM state:not at safepoint (normal execution)

VM Mutex/Monitor currently owned by a thread: None

Heap:
 PSYoungGen      total 38400K, used 665K [0x00000000d5e00000, 0x00000000d8880000, 0x0000000100000000)
  eden space 33280K, 2% used [0x00000000d5e00000,0x00000000d5ea6670,0x00000000d7e80000)
  from space 5120K, 0% used [0x00000000d8380000,0x00000000d8380000,0x00000000d8880000)
  to   space 5120K, 0% used [0x00000000d7e80000,0x00000000d7e80000,0x00000000d8380000)
 ParOldGen       total 87552K, used 0K [0x0000000081a00000, 0x0000000086f80000, 0x00000000d5e00000)
  object space 87552K, 0% used [0x0000000081a00000,0x0000000081a00000,0x0000000086f80000)
 Metaspace       used 766K, capacity 4480K, committed 4480K, reserved 1056768K
  class space    used 75K, capacity 384K, committed 384K, reserved 1048576K

Card table byte_map: [0x0000000012120000,0x0000000012520000] byte_map_base: 0x0000000011d13000

Marking Bits: (ParMarkBitMap*) 0x00000000753c4040
 Begin Bits: [0x0000000012bd0000, 0x0000000014b68000)
 End Bits:   [0x0000000014b68000, 0x0000000016b00000)

Polling page: 0x0000000000eb0000

CodeCache: size=245760Kb used=328Kb max_used=328Kb free=245431Kb
 bounds [0x0000000002d60000, 0x0000000002fd0000, 0x0000000011d60000]
 total_blobs=57 nmethods=0 adapters=37
 compilation: enabled

Compilation events (0 events):
No events

GC Heap History (0 events):
No events

Deoptimization events (0 events):
No events

Internal exceptions (0 events):
No events

Events (10 events):
Event: 0.027 loading class java/lang/Short
Event: 0.027 loading class java/lang/Short done
Event: 0.027 loading class java/lang/Integer
Event: 0.027 loading class java/lang/Integer done
Event: 0.027 loading class java/lang/Long
Event: 0.027 loading class java/lang/Long done
Event: 0.028 loading class java/lang/NullPointerException
Event: 0.028 loading class java/lang/NullPointerException done
Event: 0.028 loading class java/lang/ArithmeticException
Event: 0.028 loading class java/lang/ArithmeticException done


Dynamic libraries:
0x00007ff6a6f50000 - 0x00007ff6a6f87000 	C:\Program Files\Java\jdk1.8.0_45\bin\java.exe
0x00007ffdd9d30000 - 0x00007ffdd9f01000 	C:\WINDOWS\SYSTEM32\ntdll.dll
0x00007ffdd8f40000 - 0x00007ffdd8feb000 	C:\WINDOWS\System32\KERNEL32.DLL
0x00007ffdd65f0000 - 0x00007ffdd680d000 	C:\WINDOWS\System32\KERNELBASE.dll
0x00007ffdd72c0000 - 0x00007ffdd7362000 	C:\WINDOWS\System32\ADVAPI32.dll
0x00007ffdd9100000 - 0x00007ffdd919e000 	C:\WINDOWS\System32\msvcrt.dll
0x00007ffdd7440000 - 0x00007ffdd7499000 	C:\WINDOWS\System32\sechost.dll
0x00007ffdd94d0000 - 0x00007ffdd95f1000 	C:\WINDOWS\System32\RPCRT4.dll
0x00007ffdd76e0000 - 0x00007ffdd7845000 	C:\WINDOWS\System32\USER32.dll
0x00007ffdd72a0000 - 0x00007ffdd72be000 	C:\WINDOWS\System32\win32u.dll
0x00007ffdd8ef0000 - 0x00007ffdd8f24000 	C:\WINDOWS\System32\GDI32.dll
0x00007ffdd7110000 - 0x00007ffdd7292000 	C:\WINDOWS\System32\gdi32full.dll
0x00007ffdc3df0000 - 0x00007ffdc406a000 	C:\WINDOWS\WinSxS\amd64_microsoft.windows.common-controls_6595b64144ccf1df_6.0.14393.953_none_42151e83c686086b\COMCTL32.dll
0x00007ffdd9600000 - 0x00007ffdd98c8000 	C:\WINDOWS\System32\combase.dll
0x00007ffdd6450000 - 0x00007ffdd6545000 	C:\WINDOWS\System32\ucrtbase.dll
0x00007ffdd70a0000 - 0x00007ffdd710a000 	C:\WINDOWS\System32\bcryptPrimitives.dll
0x00007ffdd98d0000 - 0x00007ffdd98fe000 	C:\WINDOWS\System32\IMM32.DLL
0x00000000758a0000 - 0x0000000075972000 	C:\Program Files\Java\jdk1.8.0_45\jre\bin\msvcr100.dll
0x0000000074bc0000 - 0x0000000075443000 	C:\Program Files\Java\jdk1.8.0_45\jre\bin\server\jvm.dll
0x00007ffdd8ee0000 - 0x00007ffdd8ee8000 	C:\WINDOWS\System32\PSAPI.DLL
0x00007ffdd2f70000 - 0x00007ffdd2f79000 	C:\WINDOWS\SYSTEM32\WSOCK32.dll
0x00007ffdd39d0000 - 0x00007ffdd39f3000 	C:\WINDOWS\SYSTEM32\WINMM.dll
0x00007ffdcc9e0000 - 0x00007ffdcc9ea000 	C:\WINDOWS\SYSTEM32\VERSION.dll
0x00007ffdd9320000 - 0x00007ffdd938a000 	C:\WINDOWS\System32\WS2_32.dll
0x0000000000e30000 - 0x0000000000e5b000 	C:\WINDOWS\SYSTEM32\WINMMBASE.dll
0x00007ffdd6fa0000 - 0x00007ffdd6fe2000 	C:\WINDOWS\System32\cfgmgr32.dll
0x0000000076890000 - 0x000000007689f000 	C:\Program Files\Java\jdk1.8.0_45\jre\bin\verify.dll
0x0000000076860000 - 0x0000000076889000 	C:\Program Files\Java\jdk1.8.0_45\jre\bin\java.dll
0x0000000076840000 - 0x0000000076856000 	C:\Program Files\Java\jdk1.8.0_45\jre\bin\zip.dll
0x00007ffdc8c30000 - 0x00007ffdc8dc2000 	C:\WINDOWS\SYSTEM32\dbghelp.dll

VM Arguments:
jvm_args: -Dfile.encoding=UTF-8 
java_command: Main
java_class_path (initial): C:\Users\LENOVOZ50\Documents\Uniminuto\Ing. Sistemas\V Semestre\ISUM 1300 Ingeniería de Software 12371\Segundo Corte\Tetris\build\classes
Launcher Type: SUN_STANDARD

Environment Variables:
PATH=C:\ProgramData\Oracle\Java\javapath;C:\WINDOWS\system32;C:\WINDOWS;C:\WINDOWS\System32\Wbem;C:\WINDOWS\System32\WindowsPowerShell\v1.0\;C:\Program Files\Java\jdk1.8.0_45\bin;C:\WINDOWS\system32\config\systemprofile\.dnx\bin;C:\Program Files\Microsoft DNX\Dnvm\;C:\Program Files\Microsoft SQL Server\120\Tools\Binn\;C:\Program Files\Microsoft SQL Server\130\Tools\Binn\;C:\Program Files (x86)\Windows Live\Shared;C:\Program Files (x86)\QuickTime\QTSystem\;C:\Users\LENOVOZ50\Documents\Uniminuto\Ing. Sistemas\V Semestre\FISI 1010 Física Mecánica 5804\ZPrograma\jmathplot-master;C:\Program Files (x86)\Brackets\command;C:\Program Files\PuTTY\;C:\Users\romer\AppData\Local\Microsoft\WindowsApps;
USERNAME=ManuelUser
OS=Windows_NT
PROCESSOR_IDENTIFIER=Intel64 Family 6 Model 69 Stepping 1, GenuineIntel



---------------  S Y S T E M  ---------------

OS: Windows 10.0 , 64 bit Build 14393 (10.0.14393.0)

CPU:total 4 (2 cores per cpu, 2 threads per core) family 6 model 69 stepping 1, cmov, cx8, fxsr, mmx, sse, sse2, sse3, ssse3, sse4.1, sse4.2, popcnt, avx, avx2, aes, clmul, erms, lzcnt, ht, tsc, tscinvbit, bmi1, bmi2

Memory: 4k page, physical 8278296k(3505204k free), swap 10326296k(3400k free)

vm_info: Java HotSpot(TM) 64-Bit Server VM (25.45-b02) for windows-amd64 JRE (1.8.0_45-b15), built on Apr 30 2015 12:40:44 by "java_re" with MS VC++ 10.0 (VS2010)

time: Tue Apr 11 15:59:28 2017
elapsed time: 0 seconds (0d 0h 0m 0s)

